npm error code ERESOLVE
npm error ERESOLVE unable to resolve dependency tree
npm error
npm error While resolving: blogposts@1.0.0
npm error Found: react-native-reanimated@3.10.1
npm error node_modules/react-native-reanimated
npm error   react-native-reanimated@"~3.10.1" from the root project
npm error
npm error Could not resolve dependency:
npm error peer react-native-reanimated@">=3.16.0" from @gorhom/bottom-sheet@5.0.6
npm error node_modules/@gorhom/bottom-sheet
npm error   dev @gorhom/bottom-sheet@"^5.0.6" from the root project
npm error
npm error Fix the upstream dependency conflict, or retry
npm error this command with --force or --legacy-peer-deps
npm error to accept an incorrect (and potentially broken) dependency resolution.
npm error
npm error
npm error For a full report see:
npm error /Users/hitaloalbuquerque/.npm/_logs/2024-11-22T01_08_53_767Z-eresolve-report.txt
npm error A complete log of this run can be found in: /Users/hitaloalbuquerque/.npm/_logs/2024-11-22T01_08_53_767Z-debug-0.log
